<?xml version="1.0" encoding="UTF-8"?>
<!-- Generated by org.testng.reporters.JUnitXMLReporter -->
<testsuite hostname="Saeidrezas-MacBook-Pro.local" name="Surefire test" tests="1" failures="1" timestamp="27 Mar 2015 08:13:44 GMT" time="47.554" errors="0">
  <testcase name="testHomePageHasAHeader on testHomePageHasAHeader(com.ubs.fatca.SampleJUnitTest)" time="47.432" classname="com.ubs.fatca.SampleJUnitTest">
    <failure type="org.openqa.selenium.WebDriverException" message="Failed to connect to binary FirefoxBinary(/Applications/Firefox.app/Contents/MacOS/firefox-bin) on port 7055; process output follows: 
h changes to installed add-ons
1427443978340	addons.xpi-utils	DEBUG	Updating add-on states
1427443978340	addons.xpi-utils	DEBUG	Writing add-ons list
1427443978344	addons.manager	DEBUG	Registering shutdown blocker for XPIProvider
1427443978345	addons.manager	DEBUG	Registering shutdown blocker for LightweightThemeManager
1427443978346	addons.manager	DEBUG	Registering shutdown blocker for OpenH264Provider
1427443978347	addons.manager	DEBUG	Registering shutdown blocker for PluginProvider
1427443978875	DeferredSave.extensions.json	DEBUG	Starting timer
1427443978913	DeferredSave.extensions.json	DEBUG	Starting write
1427443978922	addons.manager	DEBUG	shutdown
1427443978923	addons.manager	DEBUG	Calling shutdown blocker for XPIProvider
1427443978923	addons.xpi	DEBUG	shutdown
1427443978923	addons.xpi-utils	DEBUG	shutdown
1427443978924	addons.manager	DEBUG	Calling shutdown blocker for LightweightThemeManager
1427443978924	addons.manager	DEBUG	Calling shutdown blocker for OpenH264Provider
1427443978925	addons.manager	DEBUG	Calling shutdown blocker for PluginProvider
1427443979285	DeferredSave.extensions.json	DEBUG	Write succeeded
1427443979285	addons.xpi-utils	DEBUG	XPI Database saved, setting schema version preference to 16
1427443979285	addons.xpi	DEBUG	Notifying XPI shutdown observers
1427443979289	addons.manager	DEBUG	Async provider shutdown done
1427443979801	addons.manager	DEBUG	Loaded provider scope for resource://gre/modules/addons/XPIProvider.jsm: [&amp;quot;XPIProvider&amp;quot;]
1427443979804	addons.manager	DEBUG	Loaded provider scope for resource://gre/modules/LightweightThemeManager.jsm: [&amp;quot;LightweightThemeManager&amp;quot;]
1427443979808	addons.xpi	DEBUG	startup
1427443979808	addons.xpi	INFO	Mapping fxdriver@googlecode.com to /var/folders/h1/vfrgyvc529v_s4wrzxfl40780000gn/T/anonymous5062386763198450726webdriver-profile/extensions/fxdriver@googlecode.com
1427443979809	addons.xpi	DEBUG	Ignoring file entry whose name is not a valid add-on ID: /var/folders/h1/vfrgyvc529v_s4wrzxfl40780000gn/T/anonymous5062386763198450726webdriver-profile/extensions/webdriver-staging
1427443979809	addons.xpi	INFO	Mapping {972ce4c6-7e08-4474-a285-3208198ce6fd} to /Applications/Firefox.app/Contents/Resources/browser/extensions/{972ce4c6-7e08-4474-a285-3208198ce6fd}
1427443979810	addons.xpi	DEBUG	Skipping unavailable install location app-system-share
1427443979810	addons.xpi	DEBUG	checkForChanges
1427443979811	addons.xpi	DEBUG	Loaded add-on state from prefs: {&amp;quot;app-profile&amp;quot;:{&amp;quot;fxdriver@googlecode.com&amp;quot;:{&amp;quot;d&amp;quot;:&amp;quot;/var/folders/h1/vfrgyvc529v_s4wrzxfl40780000gn/T/anonymous5062386763198450726webdriver-profile/extensions/fxdriver@googlecode.com&amp;quot;,&amp;quot;e&amp;quot;:false,&amp;quot;v&amp;quot;:&amp;quot;2.41.0&amp;quot;,&amp;quot;st&amp;quot;:1427443977000,&amp;quot;mt&amp;quot;:1427443977000}},&amp;quot;app-global&amp;quot;:{&amp;quot;{972ce4c6-7e08-4474-a285-3208198ce6fd}&amp;quot;:{&amp;quot;d&amp;quot;:&amp;quot;/Applications/Firefox.app/Contents/Resources/browser/extensions/{972ce4c6-7e08-4474-a285-3208198ce6fd}&amp;quot;,&amp;quot;e&amp;quot;:true,&amp;quot;v&amp;quot;:&amp;quot;36.0.4&amp;quot;,&amp;quot;st&amp;quot;:1426914971000,&amp;quot;mt&amp;quot;:1426912941000}}}
1427443979812	addons.xpi	DEBUG	getModTime: Recursive scan of {972ce4c6-7e08-4474-a285-3208198ce6fd}
1427443979813	addons.xpi	DEBUG	getInstallState changed: false, state: {&amp;quot;app-profile&amp;quot;:{&amp;quot;fxdriver@googlecode.com&amp;quot;:{&amp;quot;d&amp;quot;:&amp;quot;/var/folders/h1/vfrgyvc529v_s4wrzxfl40780000gn/T/anonymous5062386763198450726webdriver-profile/extensions/fxdriver@googlecode.com&amp;quot;,&amp;quot;e&amp;quot;:false,&amp;quot;v&amp;quot;:&amp;quot;2.41.0&amp;quot;,&amp;quot;st&amp;quot;:1427443977000,&amp;quot;mt&amp;quot;:1427443977000}},&amp;quot;app-global&amp;quot;:{&amp;quot;{972ce4c6-7e08-4474-a285-3208198ce6fd}&amp;quot;:{&amp;quot;d&amp;quot;:&amp;quot;/Applications/Firefox.app/Contents/Resources/browser/extensions/{972ce4c6-7e08-4474-a285-3208198ce6fd}&amp;quot;,&amp;quot;e&amp;quot;:true,&amp;quot;v&amp;quot;:&amp;quot;36.0.4&amp;quot;,&amp;quot;st&amp;quot;:1426914971000,&amp;quot;mt&amp;quot;:1426912941000}}}
1427443979814	addons.xpi	DEBUG	No changes found
1427443979818	addons.manager	DEBUG	Registering shutdown blocker for XPIProvider
1427443979819	addons.manager	DEBUG	Registering shutdown blocker for LightweightThemeManager
1427443979821	addons.manager	DEBUG	Registering shutdown blocker for OpenH264Provider
1427443979821	addons.manager	DEBUG	Registering shutdown blocker for PluginProvider
*** Blocklist::_preloadBlocklistFile: blocklist is disabled
1427443980955	addons.manager	DEBUG	Registering shutdown blocker for &amp;lt;unnamed-provider&amp;gt;

Build info: version: &amp;apos;2.41.0&amp;apos;, revision: &amp;apos;3192d8a6c4449dc285928ba024779344f5423c58&amp;apos;, time: &amp;apos;2014-03-27 11:29:39&amp;apos;
System info: host: &amp;apos;Saeidrezas-MacBook-Pro.local&amp;apos;, ip: &amp;apos;192.168.0.100&amp;apos;, os.name: &amp;apos;Mac OS X&amp;apos;, os.arch: &amp;apos;x86_64&amp;apos;, os.version: &amp;apos;10.10.1&amp;apos;, java.version: &amp;apos;1.7.0_80-ea&amp;apos;
Driver info: driver.version: FirefoxDriver">
      <![CDATA[org.openqa.selenium.WebDriverException: Failed to connect to binary FirefoxBinary(/Applications/Firefox.app/Contents/MacOS/firefox-bin) on port 7055; process output follows: 
h changes to installed add-ons
1427443978340	addons.xpi-utils	DEBUG	Updating add-on states
1427443978340	addons.xpi-utils	DEBUG	Writing add-ons list
1427443978344	addons.manager	DEBUG	Registering shutdown blocker for XPIProvider
1427443978345	addons.manager	DEBUG	Registering shutdown blocker for LightweightThemeManager
1427443978346	addons.manager	DEBUG	Registering shutdown blocker for OpenH264Provider
1427443978347	addons.manager	DEBUG	Registering shutdown blocker for PluginProvider
1427443978875	DeferredSave.extensions.json	DEBUG	Starting timer
1427443978913	DeferredSave.extensions.json	DEBUG	Starting write
1427443978922	addons.manager	DEBUG	shutdown
1427443978923	addons.manager	DEBUG	Calling shutdown blocker for XPIProvider
1427443978923	addons.xpi	DEBUG	shutdown
1427443978923	addons.xpi-utils	DEBUG	shutdown
1427443978924	addons.manager	DEBUG	Calling shutdown blocker for LightweightThemeManager
1427443978924	addons.manager	DEBUG	Calling shutdown blocker for OpenH264Provider
1427443978925	addons.manager	DEBUG	Calling shutdown blocker for PluginProvider
1427443979285	DeferredSave.extensions.json	DEBUG	Write succeeded
1427443979285	addons.xpi-utils	DEBUG	XPI Database saved, setting schema version preference to 16
1427443979285	addons.xpi	DEBUG	Notifying XPI shutdown observers
1427443979289	addons.manager	DEBUG	Async provider shutdown done
1427443979801	addons.manager	DEBUG	Loaded provider scope for resource://gre/modules/addons/XPIProvider.jsm: ["XPIProvider"]
1427443979804	addons.manager	DEBUG	Loaded provider scope for resource://gre/modules/LightweightThemeManager.jsm: ["LightweightThemeManager"]
1427443979808	addons.xpi	DEBUG	startup
1427443979808	addons.xpi	INFO	Mapping fxdriver@googlecode.com to /var/folders/h1/vfrgyvc529v_s4wrzxfl40780000gn/T/anonymous5062386763198450726webdriver-profile/extensions/fxdriver@googlecode.com
1427443979809	addons.xpi	DEBUG	Ignoring file entry whose name is not a valid add-on ID: /var/folders/h1/vfrgyvc529v_s4wrzxfl40780000gn/T/anonymous5062386763198450726webdriver-profile/extensions/webdriver-staging
1427443979809	addons.xpi	INFO	Mapping {972ce4c6-7e08-4474-a285-3208198ce6fd} to /Applications/Firefox.app/Contents/Resources/browser/extensions/{972ce4c6-7e08-4474-a285-3208198ce6fd}
1427443979810	addons.xpi	DEBUG	Skipping unavailable install location app-system-share
1427443979810	addons.xpi	DEBUG	checkForChanges
1427443979811	addons.xpi	DEBUG	Loaded add-on state from prefs: {"app-profile":{"fxdriver@googlecode.com":{"d":"/var/folders/h1/vfrgyvc529v_s4wrzxfl40780000gn/T/anonymous5062386763198450726webdriver-profile/extensions/fxdriver@googlecode.com","e":false,"v":"2.41.0","st":1427443977000,"mt":1427443977000}},"app-global":{"{972ce4c6-7e08-4474-a285-3208198ce6fd}":{"d":"/Applications/Firefox.app/Contents/Resources/browser/extensions/{972ce4c6-7e08-4474-a285-3208198ce6fd}","e":true,"v":"36.0.4","st":1426914971000,"mt":1426912941000}}}
1427443979812	addons.xpi	DEBUG	getModTime: Recursive scan of {972ce4c6-7e08-4474-a285-3208198ce6fd}
1427443979813	addons.xpi	DEBUG	getInstallState changed: false, state: {"app-profile":{"fxdriver@googlecode.com":{"d":"/var/folders/h1/vfrgyvc529v_s4wrzxfl40780000gn/T/anonymous5062386763198450726webdriver-profile/extensions/fxdriver@googlecode.com","e":false,"v":"2.41.0","st":1427443977000,"mt":1427443977000}},"app-global":{"{972ce4c6-7e08-4474-a285-3208198ce6fd}":{"d":"/Applications/Firefox.app/Contents/Resources/browser/extensions/{972ce4c6-7e08-4474-a285-3208198ce6fd}","e":true,"v":"36.0.4","st":1426914971000,"mt":1426912941000}}}
1427443979814	addons.xpi	DEBUG	No changes found
1427443979818	addons.manager	DEBUG	Registering shutdown blocker for XPIProvider
1427443979819	addons.manager	DEBUG	Registering shutdown blocker for LightweightThemeManager
1427443979821	addons.manager	DEBUG	Registering shutdown blocker for OpenH264Provider
1427443979821	addons.manager	DEBUG	Registering shutdown blocker for PluginProvider
*** Blocklist::_preloadBlocklistFile: blocklist is disabled
1427443980955	addons.manager	DEBUG	Registering shutdown blocker for <unnamed-provider>

Build info: version: '2.41.0', revision: '3192d8a6c4449dc285928ba024779344f5423c58', time: '2014-03-27 11:29:39'
System info: host: 'Saeidrezas-MacBook-Pro.local', ip: '192.168.0.100', os.name: 'Mac OS X', os.arch: 'x86_64', os.version: '10.10.1', java.version: '1.7.0_80-ea'
Driver info: driver.version: FirefoxDriver
	at org.openqa.selenium.firefox.internal.NewProfileExtensionConnection.start(NewProfileExtensionConnection.java:130)
	at org.openqa.selenium.firefox.FirefoxDriver.startClient(FirefoxDriver.java:246)
	at org.openqa.selenium.remote.RemoteWebDriver.<init>(RemoteWebDriver.java:114)
	at org.openqa.selenium.firefox.FirefoxDriver.<init>(FirefoxDriver.java:191)
	at org.openqa.selenium.firefox.FirefoxDriver.<init>(FirefoxDriver.java:186)
	at org.openqa.selenium.firefox.FirefoxDriver.<init>(FirefoxDriver.java:103)
	at ru.stqa.selenium.factory.WebDriverFactoryInternal.createLocalDriver(WebDriverFactoryInternal.java:74)
	at ru.stqa.selenium.factory.WebDriverFactoryInternal.newDriver(WebDriverFactoryInternal.java:58)
	at ru.stqa.selenium.factory.SingletonStorage.createNewDriver(SingletonStorage.java:73)
	at ru.stqa.selenium.factory.SingletonStorage.getDriver(SingletonStorage.java:31)
	at ru.stqa.selenium.factory.WebDriverFactoryInternal.getDriver(WebDriverFactoryInternal.java:49)
	at ru.stqa.selenium.factory.WebDriverFactory.getDriver(WebDriverFactory.java:39)
	at com.ubs.fatca.JUnitTestBase$2.before(JUnitTestBase.java:39)
	at org.junit.rules.ExternalResource$1.evaluate(ExternalResource.java:46)
	at org.junit.rules.RunRules.evaluate(RunRules.java:20)
	at org.junit.runners.ParentRunner.runLeaf(ParentRunner.java:271)
	at org.junit.runners.BlockJUnit4ClassRunner.runChild(BlockJUnit4ClassRunner.java:70)
	at org.junit.runners.BlockJUnit4ClassRunner.runChild(BlockJUnit4ClassRunner.java:50)
	at org.junit.runners.ParentRunner$3.run(ParentRunner.java:238)
	at org.junit.runners.ParentRunner$1.schedule(ParentRunner.java:63)
	at org.junit.runners.ParentRunner.runChildren(ParentRunner.java:236)
	at org.junit.runners.ParentRunner.access$000(ParentRunner.java:53)
	at org.junit.runners.ParentRunner$2.evaluate(ParentRunner.java:229)
	at org.junit.rules.ExternalResource$1.evaluate(ExternalResource.java:48)
	at org.junit.rules.RunRules.evaluate(RunRules.java:20)
	at org.junit.runners.ParentRunner.run(ParentRunner.java:309)
	at org.junit.runners.Suite.runChild(Suite.java:127)
	at org.junit.runners.Suite.runChild(Suite.java:26)
	at org.junit.runners.ParentRunner$3.run(ParentRunner.java:238)
	at org.junit.runners.ParentRunner$1.schedule(ParentRunner.java:63)
	at org.junit.runners.ParentRunner.runChildren(ParentRunner.java:236)
	at org.junit.runners.ParentRunner.access$000(ParentRunner.java:53)
	at org.junit.runners.ParentRunner$2.evaluate(ParentRunner.java:229)
	at org.junit.runners.ParentRunner.run(ParentRunner.java:309)
	at org.junit.runner.JUnitCore.run(JUnitCore.java:160)
	at org.junit.runner.JUnitCore.run(JUnitCore.java:138)
Caused by: org.openqa.selenium.firefox.NotConnectedException: Unable to connect to host 127.0.0.1 on port 7055 after 45000 ms. Firefox console output:
h changes to installed add-ons
1427443978340	addons.xpi-utils	DEBUG	Updating add-on states
1427443978340	addons.xpi-utils	DEBUG	Writing add-ons list
1427443978344	addons.manager	DEBUG	Registering shutdown blocker for XPIProvider
1427443978345	addons.manager	DEBUG	Registering shutdown blocker for LightweightThemeManager
1427443978346	addons.manager	DEBUG	Registering shutdown blocker for OpenH264Provider
1427443978347	addons.manager	DEBUG	Registering shutdown blocker for PluginProvider
1427443978875	DeferredSave.extensions.json	DEBUG	Starting timer
1427443978913	DeferredSave.extensions.json	DEBUG	Starting write
1427443978922	addons.manager	DEBUG	shutdown
1427443978923	addons.manager	DEBUG	Calling shutdown blocker for XPIProvider
1427443978923	addons.xpi	DEBUG	shutdown
1427443978923	addons.xpi-utils	DEBUG	shutdown
1427443978924	addons.manager	DEBUG	Calling shutdown blocker for LightweightThemeManager
1427443978924	addons.manager	DEBUG	Calling shutdown blocker for OpenH264Provider
1427443978925	addons.manager	DEBUG	Calling shutdown blocker for PluginProvider
1427443979285	DeferredSave.extensions.json	DEBUG	Write succeeded
1427443979285	addons.xpi-utils	DEBUG	XPI Database saved, setting schema version preference to 16
1427443979285	addons.xpi	DEBUG	Notifying XPI shutdown observers
1427443979289	addons.manager	DEBUG	Async provider shutdown done
1427443979801	addons.manager	DEBUG	Loaded provider scope for resource://gre/modules/addons/XPIProvider.jsm: ["XPIProvider"]
1427443979804	addons.manager	DEBUG	Loaded provider scope for resource://gre/modules/LightweightThemeManager.jsm: ["LightweightThemeManager"]
1427443979808	addons.xpi	DEBUG	startup
1427443979808	addons.xpi	INFO	Mapping fxdriver@googlecode.com to /var/folders/h1/vfrgyvc529v_s4wrzxfl40780000gn/T/anonymous5062386763198450726webdriver-profile/extensions/fxdriver@googlecode.com
1427443979809	addons.xpi	DEBUG	Ignoring file entry whose name is not a valid add-on ID: /var/folders/h1/vfrgyvc529v_s4wrzxfl40780000gn/T/anonymous5062386763198450726webdriver-profile/extensions/webdriver-staging
1427443979809	addons.xpi	INFO	Mapping {972ce4c6-7e08-4474-a285-3208198ce6fd} to /Applications/Firefox.app/Contents/Resources/browser/extensions/{972ce4c6-7e08-4474-a285-3208198ce6fd}
1427443979810	addons.xpi	DEBUG	Skipping unavailable install location app-system-share
1427443979810	addons.xpi	DEBUG	checkForChanges
1427443979811	addons.xpi	DEBUG	Loaded add-on state from prefs: {"app-profile":{"fxdriver@googlecode.com":{"d":"/var/folders/h1/vfrgyvc529v_s4wrzxfl40780000gn/T/anonymous5062386763198450726webdriver-profile/extensions/fxdriver@googlecode.com","e":false,"v":"2.41.0","st":1427443977000,"mt":1427443977000}},"app-global":{"{972ce4c6-7e08-4474-a285-3208198ce6fd}":{"d":"/Applications/Firefox.app/Contents/Resources/browser/extensions/{972ce4c6-7e08-4474-a285-3208198ce6fd}","e":true,"v":"36.0.4","st":1426914971000,"mt":1426912941000}}}
1427443979812	addons.xpi	DEBUG	getModTime: Recursive scan of {972ce4c6-7e08-4474-a285-3208198ce6fd}
1427443979813	addons.xpi	DEBUG	getInstallState changed: false, state: {"app-profile":{"fxdriver@googlecode.com":{"d":"/var/folders/h1/vfrgyvc529v_s4wrzxfl40780000gn/T/anonymous5062386763198450726webdriver-profile/extensions/fxdriver@googlecode.com","e":false,"v":"2.41.0","st":1427443977000,"mt":1427443977000}},"app-global":{"{972ce4c6-7e08-4474-a285-3208198ce6fd}":{"d":"/Applications/Firefox.app/Contents/Resources/browser/extensions/{972ce4c6-7e08-4474-a285-3208198ce6fd}","e":true,"v":"36.0.4","st":1426914971000,"mt":1426912941000}}}
1427443979814	addons.xpi	DEBUG	No changes found
1427443979818	addons.manager	DEBUG	Registering shutdown blocker for XPIProvider
1427443979819	addons.manager	DEBUG	Registering shutdown blocker for LightweightThemeManager
1427443979821	addons.manager	DEBUG	Registering shutdown blocker for OpenH264Provider
1427443979821	addons.manager	DEBUG	Registering shutdown blocker for PluginProvider
*** Blocklist::_preloadBlocklistFile: blocklist is disabled
1427443980955	addons.manager	DEBUG	Registering shutdown blocker for <unnamed-provider>

	at org.openqa.selenium.firefox.internal.NewProfileExtensionConnection.start(NewProfileExtensionConnection.java:118)
	... 57 more
... Removed 22 stack frames]]>
    </failure>
  </testcase> <!-- testHomePageHasAHeader on testHomePageHasAHeader(com.ubs.fatca.SampleJUnitTest) -->
</testsuite> <!-- Surefire test -->
